<?xml version="1.0" encoding="UTF-8"?>
<!-- Generated by org.testng.reporters.JUnitReportReporter -->
<testsuite hostname="TYSS-Basavaraj" failures="0" tests="1" name="com.comcast.crm.createleadtest.CreateLeadTest" time="13.587" errors="0" timestamp="2024-05-23T12:39:01 IST" skipped="0">
  <testcase classname="com.comcast.crm.createleadtest.CreateLeadTest" name="createLead" time="13.587"/>
  <system-out>
    <![CDATA[Connect to DB
Launch Browser
Login to App
Logout from app
Close Browser
Close DB connection]]>
  </system-out>
</testsuite> <!-- com.comcast.crm.createleadtest.CreateLeadTest -->
