<?xml version="1.0" encoding="UTF-8"?>
<!-- Generated by org.testng.reporters.JUnitReportReporter -->
<testsuite hostname="TYSS-Basavaraj" failures="0" tests="1" name="practice.test.Test2" time="0.582" errors="0" timestamp="2025-01-03T18:00:07 IST" skipped="0">
  <testcase classname="practice.test.Test2" name="excelDataTest" time="0.582"/>
  <system-out/>
</testsuite> <!-- practice.test.Test2 -->
