<?xml version="1.0" encoding="UTF-8"?>
<!-- Generated by org.testng.reporters.JUnitReportReporter -->
<testsuite hostname="TYSS-Basavaraj" failures="0" tests="6" name="com.comcast.crm.orgtest.CreateOrgTest" time="75.824" errors="0" timestamp="2025-01-03T17:22:28 IST" skipped="0">
  <testcase classname="com.comcast.crm.orgtest.CreateOrgTest" name="createOrgWithIndustryAndType" time="12.745"/>
  <system-out>
    <![CDATA[Successfully Created FF_3409 Organization with Energy industry and Press type]]>
  </system-out>
  <testcase classname="com.comcast.crm.orgtest.CreateOrgTest" name="createOrg" time="12.061"/>
  <system-out>
    <![CDATA[Successfully Created FF_2163 Organization]]>
  </system-out>
  <testcase classname="com.comcast.crm.orgtest.CreateOrgTest" name="createOrgWithPhoneNumber" time="11.821"/>
  <system-out>
    <![CDATA[Successfully Created FF_3362 Organization with 9008877665 Phone Number ]]>
  </system-out>
  <testcase classname="com.comcast.crm.orgtest.CreateOrgTest" name="createOrgWithPhoneNumber" time="12.533"/>
  <system-out>
    <![CDATA[Successfully Created FF_664 Organization with 9008877665 Phone Number ]]>
  </system-out>
  <testcase classname="com.comcast.crm.orgtest.CreateOrgTest" name="createOrg" time="13.286"/>
  <system-out>
    <![CDATA[Successfully Created FF_849 Organization]]>
  </system-out>
  <testcase classname="com.comcast.crm.orgtest.CreateOrgTest" name="createOrgWithIndustryAndType" time="13.378"/>
  <system-out>
    <![CDATA[Successfully Created FF_1258 Organization with Energy industry and Press type]]>
  </system-out>
</testsuite> <!-- com.comcast.crm.orgtest.CreateOrgTest -->
