<?xml version="1.0" encoding="UTF-8"?>
<!-- Generated by org.testng.reporters.JUnitReportReporter -->
<testsuite hostname="TYSS-Basavaraj" failures="0" tests="2" name="practice.test.AnnotationsTest" time="0.021" errors="0" timestamp="2024-06-14T13:08:15 IST" skipped="0">
  <testcase classname="practice.test.AnnotationsTest" name="test1" time="0.015"/>
  <testcase classname="practice.test.AnnotationsTest" name="test2" time="0.006"/>
</testsuite> <!-- practice.test.AnnotationsTest -->
