<?xml version="1.0" encoding="UTF-8"?>
<!-- Generated by org.testng.reporters.JUnitReportReporter -->
<testsuite hostname="TYSS-Basavaraj" failures="0" tests="3" name="com.comcast.crm.contacttest.CreateContactTest" time="83.035" errors="0" timestamp="2025-01-03T15:17:54 IST" skipped="0">
  <testcase classname="com.comcast.crm.contacttest.CreateContactTest" name="createContact" time="23.984"/>
  <system-out>
    <![CDATA[successfully created Raj Contact]]>
  </system-out>
  <testcase classname="com.comcast.crm.contacttest.CreateContactTest" name="createContactWithDate" time="23.247"/>
  <system-out>
    <![CDATA[successfully created Raj Contact with Start Date 2025-01-03 and End date 2025-02-02]]>
  </system-out>
  <testcase classname="com.comcast.crm.contacttest.CreateContactTest" name="createContactWithOrg" time="35.804"/>
  <system-out>
    <![CDATA[successfully created Raj Contact with Organization FF_1377]]>
  </system-out>
</testsuite> <!-- com.comcast.crm.contacttest.CreateContactTest -->
