<?xml version="1.0" encoding="UTF-8"?>
<!-- Generated by org.testng.reporters.JUnitReportReporter -->
<testsuite hostname="TYSS-Basavaraj" failures="0" tests="1" name="practice.test.Test2" time="0.886" errors="0" timestamp="2024-06-18T16:59:09 IST" skipped="0">
  <testcase classname="practice.test.Test2" name="excelDataTest" time="0.886"/>
</testsuite> <!-- practice.test.Test2 -->
