<?xml version="1.0" encoding="UTF-8"?>
<!-- Generated by org.testng.reporters.JUnitReportReporter -->
<testsuite hostname="TYSS-Basavaraj" failures="0" tests="1" name="practice.test.DemoTest" time="34.766" errors="0" timestamp="2025-01-03T14:40:54 IST" skipped="0">
  <testcase classname="practice.test.DemoTest" name="scrolltest" time="34.766"/>
  <system-out/>
</testsuite> <!-- practice.test.DemoTest -->
